[4:35 PM] loading apis..                                                                            (1) type: update
[4:35 PM] loaded api: coro                                                                          (1) type: info
[4:35 PM] loaded api: fuzzy_find                                                                    (1) type: info
[4:35 PM] loaded api: log                                                                           (1) type: info
[4:35 PM] loaded api: nimg                                                                          (1) type: info
[4:35 PM] loaded api: pathfind                                                                      (1) type: info
[4:35 PM] loaded api: sevensh                                                                       (1) type: info
[4:35 PM]                                                                                           (1) type: info
[4:35 PM] loading presets..                                                                         (1) type: update
[4:35 PM] loaded preset: rect > frame                                                               (1) type: info
[4:35 PM] loaded preset: rect > frame_thick                                                         (1) type: info
[4:35 PM] loaded preset: rect > framed_window                                                       (1) type: info
[4:35 PM] loaded preset: rect > window                                                              (1) type: info
[4:35 PM] loaded preset: tex > brick                                                                (1) type: info
[4:35 PM] loaded preset: tex > checker                                                              (1) type: info
[4:35 PM]                                                                                           (1) type: info
[4:35 PM] finished loading                                                                          (1) type: sucess
[4:35 PM]                                                                                           (1) type: info
[4:35 PM] creating gui object..                                                                     (1) type: update
[4:35 PM] set up updater                                                                            (1) type: update
[4:35 PM] Display object: term                                                                      (1) type: info
[4:35 PM]                                                                                           (1) type: info
[4:35 PM] Starting creator..                                                                        (1) type: info
[4:35 PM] loading object: button                                                                    (1) type: update
[4:35 PM] loading object: circle                                                                    (1) type: update
[4:35 PM] loading object: ellipse                                                                   (1) type: update
[4:35 PM] loading object: frame                                                                     (1) type: update
[4:35 PM] loading object: group                                                                     (1) type: update
[4:35 PM] loading object: inputbox                                                                  (1) type: update
[4:35 PM] loading object: progressbar                                                               (1) type: update
[4:35 PM] loading object: rectangle                                                                 (1) type: update
[4:35 PM] loading object: switch                                                                    (1) type: update
[4:35 PM] loading object: text                                                                      (1) type: update
[4:35 PM] loading object: triangle                                                                  (1) type: update
[4:35 PM]                                                                                           (1) type: info
[4:35 PM] loading text object...                                                                    (1) type: update
[4:35 PM]                                                                                           (1) type: info
[4:35 PM] finished creating gui object!                                                             (1) type: success
[4:35 PM] set up updater                                                                            (1) type: update
[4:35 PM] Display object: term                                                                      (1) type: info
[4:35 PM]                                                                                           (1) type: info
[4:35 PM] Starting creator..                                                                        (1) type: info
[4:35 PM] loading object: button                                                                    (1) type: update
[4:35 PM] loading object: circle                                                                    (1) type: update
[4:35 PM] loading object: ellipse                                                                   (1) type: update
[4:35 PM] loading object: frame                                                                     (1) type: update
[4:35 PM] loading object: group                                                                     (1) type: update
[4:35 PM] loading object: inputbox                                                                  (1) type: update
[4:35 PM] loading object: progressbar                                                               (1) type: update
[4:35 PM] loading object: rectangle                                                                 (1) type: update
[4:35 PM] loading object: switch                                                                    (1) type: update
[4:35 PM] loading object: text                                                                      (1) type: update
[4:35 PM] loading object: triangle                                                                  (1) type: update
[4:35 PM]                                                                                           (1) type: info
[4:35 PM] loading text object...                                                                    (1) type: update
[4:35 PM]                                                                                           (1) type: info
[4:35 PM] created new group > 8e7dbed4-773b-4042-807c-7c0c2dd079f6                                  (1) type: info
[4:35 PM] created new text object                                                                   (1) type: info
[4:35 PM] created new text > b0366a0b-6c6e-4fa8-8d5d-9151a1aadfdd                                   (1) type: info
[4:35 PM] created new ellipse > 13a215a3-545d-491c-939c-6b11d956b934                                (1) type: info
[4:35 PM]                                                                                           (1) type: info
[4:35 PM] loading execute..                                                                         (1) type: update
[4:35 PM] created graphic routine 1                                                                 (1) type: update
[4:35 PM] created custom updater                                                                    (1) type: update
[4:35 PM] created graphic routine 2                                                                 (1) type: update
[4:35 PM] created key handler                                                                       (1) type: info
[4:35 PM]                                                                                           (1) type: info
[4:35 PM] Started execution..                                                                       (1) type: success
[4:35 PM]                                                                                           (1) type: info
[4:35 PM] a Fatal error occured: Terminated                                                         (1) type: fatal
