0: [00:29:04 277] [update]     loading apis..                                                      (1)
1: [00:29:04 280] [info]       loaded api: coro                                                    (1)
2: [00:29:04 282] [info]       loaded api: fuzzy_find                                              (1)
3: [00:29:04 283] [info]       loaded api: log                                                     (1)
4: [00:29:04 285] [info]       loaded api: nimg                                                    (1)
5: [00:29:04 286] [info]       loaded api: pathfind                                                (1)
6: [00:29:04 287] [info]       loaded api: sevensh                                                 (1)
7: [00:29:04 287] [info]                                                                           (1)
8: [00:29:04 287] [update]     loading presets..                                                   (1)
9: [00:29:04 288] [info]       loaded preset: rect > frame                                         (1)
10: [00:29:04 289] [info]      loaded preset: rect > frame_thick                                   (1)
11: [00:29:04 290] [info]      loaded preset: rect > framed_window                                 (1)
12: [00:29:04 290] [info]      loaded preset: rect > window                                        (1)
13: [00:29:04 292] [info]      loaded preset: tex > brick                                          (1)
14: [00:29:04 293] [info]      loaded preset: tex > checker                                        (1)
15: [00:29:04 293] [info]                                                                          (1)
16: [00:29:04 293] [success]   finished loading                                                    (1)
17: [00:29:04 293] [info]                                                                          (1)
18: [00:29:04 298] [update]    creating gui object..                                               (1)
19: [00:29:04 298] [update]    set up updater                                                      (1)
20: [00:29:04 298] [info]      Display object: term                                                (1)
21: [00:29:04 298] [info]                                                                          (1)
22: [00:29:04 298] [info]      Starting creator..                                                  (1)
23: [00:29:04 298] [update]    loading object: button                                              (1)
24: [00:29:04 300] [update]    loading object: circle                                              (1)
25: [00:29:04 303] [update]    loading object: ellipse                                             (1)
26: [00:29:04 306] [update]    loading object: frame                                               (1)
27: [00:29:04 309] [update]    loading object: group                                               (1)
28: [00:29:04 311] [update]    loading object: inputbox                                            (1)
29: [00:29:04 314] [update]    loading object: progressbar                                         (1)
30: [00:29:04 316] [update]    loading object: rectangle                                           (1)
31: [00:29:04 318] [update]    loading object: script                                              (1)
32: [00:29:04 320] [update]    loading object: scrollbox                                           (1)
33: [00:29:04 322] [update]    loading object: switch                                              (1)
34: [00:29:04 325] [update]    loading object: text                                                (1)
35: [00:29:04 327] [update]    loading object: triangle                                            (1)
36: [00:29:04 329] [info]                                                                          (1)
37: [00:29:04 329] [update]    loading text object...                                              (1)
38: [00:29:04 329] [info]                                                                          (1)
39: [00:29:04 329] [success]   finished creating gui object!                                       (1)
40: [00:29:04 331] [update]    loading ppm texture..                                               (1)
41: [00:29:04 331] [update]    decoding ppm..                                                      (1)
42: [00:29:04 332] [success]   decoding finished.                                                  (1)
43: [00:29:04 332] [update]    transforming pixels to characters..                                 (1)
44: [00:29:04 333] [success]   transformation finished. 6 characters                               (1)
45: [00:29:04 333] [update]    building nimg format..                                              (1)
46: [00:29:04 334] [success]   building finished. texture loaded.                                  (1)
47: [00:29:04 334] [info]                                                                          (1)
48: [00:29:04 335] [update]    set up updater                                                      (1)
49: [00:29:04 335] [info]      Display object: term                                                (1)
50: [00:29:04 335] [info]                                                                          (1)
51: [00:29:04 335] [info]      Starting creator..                                                  (1)
52: [00:29:04 335] [update]    loading object: button                                              (1)
53: [00:29:04 335] [update]    loading object: circle                                              (1)
54: [00:29:04 335] [update]    loading object: ellipse                                             (1)
55: [00:29:04 336] [update]    loading object: frame                                               (1)
56: [00:29:04 336] [update]    loading object: group                                               (1)
57: [00:29:04 336] [update]    loading object: inputbox                                            (1)
58: [00:29:04 336] [update]    loading object: progressbar                                         (1)
59: [00:29:04 336] [update]    loading object: rectangle                                           (1)
60: [00:29:04 337] [update]    loading object: script                                              (1)
61: [00:29:04 337] [update]    loading object: scrollbox                                           (1)
62: [00:29:04 337] [update]    loading object: switch                                              (1)
63: [00:29:04 337] [update]    loading object: text                                                (1)
64: [00:29:04 337] [update]    loading object: triangle                                            (1)
65: [00:29:04 337] [info]                                                                          (1)
66: [00:29:04 337] [update]    loading text object...                                              (1)
67: [00:29:04 337] [info]                                                                          (1)
68: [00:29:04 337] [info]      created new frame > 11d956b9-3483-4e3e-a8fa-804293c2fef7            (1)
69: [00:29:04 339] [info]      created new script > 37a57a05-b2dc-4d2f-b3df-4706faf7ed47           (1)
70: [00:29:04 340] [info]      created new rectangle > 747bc42e-af69-4a05-bf25-ab407a27b6ef        (1)
71: [00:29:04 341] [info]      created new script > 6069c3a7-6206-4214-a087-7204109c4468           (1)
72: [00:29:04 343] [info]      created new text object                                             (1)
73: [00:29:04 343] [info]      created new text object                                             (1)
74: [00:29:04 343] [info]      created new switch > 38927651-58ec-4f99-99dc-1469ba12a93b           (1)
75: [00:29:04 344] [info]                                                                          (1)
76: [00:29:04 344] [update]    loading execute..                                                   (1)
77: [00:29:04 345] [update]    created graphic routine 1                                           (1)
78: [00:29:04 345] [update]    created custom updater                                              (1)
79: [00:29:04 345] [update]    created graphic routine 2                                           (1)
80: [00:29:04 345] [info]      created key handler                                                 (1)
81: [00:29:04 350] [info]                                                                          (1)
82: [00:29:04 350] [success]   Started execution..                                                 (1)
83: [00:29:04 350] [info]                                                                          (1)
84: [00:29:45 757] [fatal]     a Fatal error occured: Terminated
stack traceback:
	GuiH/a-tools/gui_object.lua:125: in function 'execute'
	textest.lua:57: in main chunk
	[C]: in function 'pcall'
	bios.lua:610: in function 'run'
	/rom/programs/shell.lua:82: in function 'run'
	/rom/programs/shell.lua:614: in main chunk
	[C]: in function 'pcall'
	bios.lua:610: in function 'run'
	rom/programs/advanced/multishell.lua:81: in function <rom/programs/advanced/multishell.lua:80>   (1)
